  [1m[35m (232.8ms)[0m  [1m[35mCREATE DATABASE "Reddit_on_Rails_development" ENCODING = 'unicode'[0m
  ↳ bin/rails:9
  [1m[35m (112.2ms)[0m  [1m[35mCREATE DATABASE "Reddit_on_Rails_test" ENCODING = 'unicode'[0m
  ↳ bin/rails:9
  [1m[35m (23.0ms)[0m  [1m[35mCREATE TABLE "schema_migrations" ("version" character varying NOT NULL PRIMARY KEY)[0m
  ↳ bin/rails:9
  [1m[35m (22.3ms)[0m  [1m[35mCREATE TABLE "ar_internal_metadata" ("key" character varying NOT NULL PRIMARY KEY, "value" character varying, "created_at" timestamp NOT NULL, "updated_at" timestamp NOT NULL)[0m
  ↳ bin/rails:9
  [1m[35m (0.2ms)[0m  [1m[34mSELECT pg_try_advisory_lock(5070611759890158195)[0m
  ↳ bin/rails:9
  [1m[35m (0.3ms)[0m  [1m[34mSELECT "schema_migrations"."version" FROM "schema_migrations" ORDER BY "schema_migrations"."version" ASC[0m
  ↳ bin/rails:9
Migrating to CreateUsers (20211015205301)
  [1m[35m (0.2ms)[0m  [1m[35mBEGIN[0m
  ↳ bin/rails:9
  [1m[35m (9.2ms)[0m  [1m[35mCREATE TABLE "users" ("id" bigserial primary key, "username" character varying NOT NULL, "password_digest" character varying NOT NULL, "session_token" character varying NOT NULL, "created_at" timestamp NOT NULL, "updated_at" timestamp NOT NULL)[0m
  ↳ db/migrate/20211015205301_create_users.rb:3
  [1m[35m (3.9ms)[0m  [1m[35mCREATE UNIQUE INDEX  "index_users_on_username" ON "users"  ("username")[0m
  ↳ db/migrate/20211015205301_create_users.rb:10
  [1m[35m (4.0ms)[0m  [1m[35mCREATE UNIQUE INDEX  "index_users_on_session_token" ON "users"  ("session_token")[0m
  ↳ db/migrate/20211015205301_create_users.rb:11
  [1m[36mActiveRecord::SchemaMigration Create (0.3ms)[0m  [1m[32mINSERT INTO "schema_migrations" ("version") VALUES ($1) RETURNING "version"[0m  [["version", "20211015205301"]]
  ↳ bin/rails:9
  [1m[35m (1.9ms)[0m  [1m[35mCOMMIT[0m
  ↳ bin/rails:9
  [1m[36mActiveRecord::InternalMetadata Load (0.3ms)[0m  [1m[34mSELECT  "ar_internal_metadata".* FROM "ar_internal_metadata" WHERE "ar_internal_metadata"."key" = $1 LIMIT $2[0m  [["key", "environment"], ["LIMIT", 1]]
  ↳ bin/rails:9
  [1m[35m (0.2ms)[0m  [1m[35mBEGIN[0m
  ↳ bin/rails:9
  [1m[36mActiveRecord::InternalMetadata Create (0.4ms)[0m  [1m[32mINSERT INTO "ar_internal_metadata" ("key", "value", "created_at", "updated_at") VALUES ($1, $2, $3, $4) RETURNING "key"[0m  [["key", "environment"], ["value", "development"], ["created_at", "2021-10-15 20:55:34.342978"], ["updated_at", "2021-10-15 20:55:34.342978"]]
  ↳ bin/rails:9
  [1m[35m (1.6ms)[0m  [1m[35mCOMMIT[0m
  ↳ bin/rails:9
  [1m[35m (0.2ms)[0m  [1m[34mSELECT pg_advisory_unlock(5070611759890158195)[0m
  ↳ bin/rails:9
  [1m[35m (0.3ms)[0m  [1m[34mSELECT "schema_migrations"."version" FROM "schema_migrations" ORDER BY "schema_migrations"."version" ASC[0m
  ↳ bin/rails:9
  [1m[35m (2392.4ms)[0m  [1m[35mCREATE DATABASE "Reddit_on_Rails_development" ENCODING = 'unicode'[0m
  ↳ bin/rails:9
  [1m[35m (1287.4ms)[0m  [1m[35mCREATE DATABASE "Reddit_on_Rails_test" ENCODING = 'unicode'[0m
  ↳ bin/rails:9
  [1m[35mSQL (0.5ms)[0m  [1m[35mCREATE EXTENSION IF NOT EXISTS "plpgsql"[0m
  ↳ db/schema.rb:16
  [1m[35m (0.3ms)[0m  [1m[35mDROP TABLE IF EXISTS "users" CASCADE[0m
  ↳ db/schema.rb:18
  [1m[35m (197.6ms)[0m  [1m[35mCREATE TABLE "users" ("id" bigserial primary key, "username" character varying NOT NULL, "password_digest" character varying NOT NULL, "session_token" character varying NOT NULL, "created_at" timestamp NOT NULL, "updated_at" timestamp NOT NULL)[0m
  ↳ db/schema.rb:18
  [1m[35m (88.7ms)[0m  [1m[35mCREATE UNIQUE INDEX  "index_users_on_session_token" ON "users"  ("session_token")[0m
  ↳ db/schema.rb:18
  [1m[35m (78.7ms)[0m  [1m[35mCREATE UNIQUE INDEX  "index_users_on_username" ON "users"  ("username")[0m
  ↳ db/schema.rb:18
  [1m[35m (153.6ms)[0m  [1m[35mCREATE TABLE "schema_migrations" ("version" character varying NOT NULL PRIMARY KEY)[0m
  ↳ db/schema.rb:13
  [1m[35m (0.5ms)[0m  [1m[34mSELECT "schema_migrations"."version" FROM "schema_migrations" ORDER BY "schema_migrations"."version" ASC[0m
  ↳ db/schema.rb:13
  [1m[35m (29.2ms)[0m  [1m[32mINSERT INTO "schema_migrations" (version) VALUES (20211015205301)[0m
  ↳ db/schema.rb:13
  [1m[35m (158.8ms)[0m  [1m[35mCREATE TABLE "ar_internal_metadata" ("key" character varying NOT NULL PRIMARY KEY, "value" character varying, "created_at" timestamp NOT NULL, "updated_at" timestamp NOT NULL)[0m
  ↳ db/schema.rb:13
  [1m[36mActiveRecord::InternalMetadata Load (0.3ms)[0m  [1m[34mSELECT  "ar_internal_metadata".* FROM "ar_internal_metadata" WHERE "ar_internal_metadata"."key" = $1 LIMIT $2[0m  [["key", "environment"], ["LIMIT", 1]]
  ↳ db/schema.rb:13
  [1m[35m (0.7ms)[0m  [1m[35mBEGIN[0m
  ↳ db/schema.rb:13
  [1m[36mActiveRecord::InternalMetadata Create (0.6ms)[0m  [1m[32mINSERT INTO "ar_internal_metadata" ("key", "value", "created_at", "updated_at") VALUES ($1, $2, $3, $4) RETURNING "key"[0m  [["key", "environment"], ["value", "development"], ["created_at", "2021-10-15 21:35:41.625834"], ["updated_at", "2021-10-15 21:35:41.625834"]]
  ↳ db/schema.rb:13
  [1m[35m (24.2ms)[0m  [1m[35mCOMMIT[0m
  ↳ db/schema.rb:13
  [1m[36mActiveRecord::InternalMetadata Load (0.4ms)[0m  [1m[34mSELECT  "ar_internal_metadata".* FROM "ar_internal_metadata" WHERE "ar_internal_metadata"."key" = $1 LIMIT $2[0m  [["key", "environment"], ["LIMIT", 1]]
  ↳ bin/rails:9
  [1m[35m (0.2ms)[0m  [1m[35mBEGIN[0m
  ↳ bin/rails:9
  [1m[35m (0.3ms)[0m  [1m[35mCOMMIT[0m
  ↳ bin/rails:9
  [1m[35mSQL (0.4ms)[0m  [1m[35mCREATE EXTENSION IF NOT EXISTS "plpgsql"[0m
  ↳ db/schema.rb:16
  [1m[35m (0.3ms)[0m  [1m[35mDROP TABLE IF EXISTS "users" CASCADE[0m
  ↳ db/schema.rb:18
  [1m[35m (204.1ms)[0m  [1m[35mCREATE TABLE "users" ("id" bigserial primary key, "username" character varying NOT NULL, "password_digest" character varying NOT NULL, "session_token" character varying NOT NULL, "created_at" timestamp NOT NULL, "updated_at" timestamp NOT NULL)[0m
  ↳ db/schema.rb:18
  [1m[35m (158.2ms)[0m  [1m[35mCREATE UNIQUE INDEX  "index_users_on_session_token" ON "users"  ("session_token")[0m
  ↳ db/schema.rb:18
  [1m[35m (89.9ms)[0m  [1m[35mCREATE UNIQUE INDEX  "index_users_on_username" ON "users"  ("username")[0m
  ↳ db/schema.rb:18
  [1m[35m (176.1ms)[0m  [1m[35mCREATE TABLE "schema_migrations" ("version" character varying NOT NULL PRIMARY KEY)[0m
  ↳ db/schema.rb:13
  [1m[35m (0.9ms)[0m  [1m[34mSELECT "schema_migrations"."version" FROM "schema_migrations" ORDER BY "schema_migrations"."version" ASC[0m
  ↳ db/schema.rb:13
  [1m[35m (74.5ms)[0m  [1m[32mINSERT INTO "schema_migrations" (version) VALUES (20211015205301)[0m
  ↳ db/schema.rb:13
  [1m[35m (330.5ms)[0m  [1m[35mCREATE TABLE "ar_internal_metadata" ("key" character varying NOT NULL PRIMARY KEY, "value" character varying, "created_at" timestamp NOT NULL, "updated_at" timestamp NOT NULL)[0m
  ↳ db/schema.rb:13
  [1m[36mActiveRecord::InternalMetadata Load (0.4ms)[0m  [1m[34mSELECT  "ar_internal_metadata".* FROM "ar_internal_metadata" WHERE "ar_internal_metadata"."key" = $1 LIMIT $2[0m  [["key", "environment"], ["LIMIT", 1]]
  ↳ db/schema.rb:13
  [1m[35m (0.2ms)[0m  [1m[35mBEGIN[0m
  ↳ db/schema.rb:13
  [1m[36mActiveRecord::InternalMetadata Create (0.4ms)[0m  [1m[32mINSERT INTO "ar_internal_metadata" ("key", "value", "created_at", "updated_at") VALUES ($1, $2, $3, $4) RETURNING "key"[0m  [["key", "environment"], ["value", "development"], ["created_at", "2021-10-15 21:35:42.734283"], ["updated_at", "2021-10-15 21:35:42.734283"]]
  ↳ db/schema.rb:13
  [1m[35m (24.2ms)[0m  [1m[35mCOMMIT[0m
  ↳ db/schema.rb:13
  [1m[36mActiveRecord::InternalMetadata Load (0.4ms)[0m  [1m[34mSELECT  "ar_internal_metadata".* FROM "ar_internal_metadata" WHERE "ar_internal_metadata"."key" = $1 LIMIT $2[0m  [["key", "environment"], ["LIMIT", 1]]
  ↳ bin/rails:9
  [1m[35m (0.2ms)[0m  [1m[35mBEGIN[0m
  ↳ bin/rails:9
  [1m[36mActiveRecord::InternalMetadata Update (0.6ms)[0m  [1m[33mUPDATE "ar_internal_metadata" SET "value" = $1, "updated_at" = $2 WHERE "ar_internal_metadata"."key" = $3[0m  [["value", "test"], ["updated_at", "2021-10-15 21:35:42.763281"], ["key", "environment"]]
  ↳ bin/rails:9
  [1m[35m (32.6ms)[0m  [1m[35mCOMMIT[0m
  ↳ bin/rails:9
  [1m[35m (0.6ms)[0m  [1m[34mSELECT "schema_migrations"."version" FROM "schema_migrations" ORDER BY "schema_migrations"."version" ASC[0m
  ↳ bin/rails:9
  [1m[35m (0.7ms)[0m  [1m[34mSELECT "schema_migrations"."version" FROM "schema_migrations" ORDER BY "schema_migrations"."version" ASC[0m
  ↳ bin/rails:9
Started GET "/" for ::1 at 2021-10-15 15:59:46 -0600
  [1m[35m (0.4ms)[0m  [1m[34mSELECT "schema_migrations"."version" FROM "schema_migrations" ORDER BY "schema_migrations"."version" ASC[0m
  ↳ /home/ry/.rbenv/versions/2.5.1/lib/ruby/gems/2.5.0/gems/activerecord-5.2.6/lib/active_record/log_subscriber.rb:98
Processing by Rails::WelcomeController#index as HTML
  Rendering /home/ry/.rbenv/versions/2.5.1/lib/ruby/gems/2.5.0/gems/railties-5.2.6/lib/rails/templates/rails/welcome/index.html.erb
  Rendered /home/ry/.rbenv/versions/2.5.1/lib/ruby/gems/2.5.0/gems/railties-5.2.6/lib/rails/templates/rails/welcome/index.html.erb (2.3ms)
Completed 200 OK in 9ms (Views: 5.5ms | ActiveRecord: 0.0ms)


Started GET "/users/new" for ::1 at 2021-10-15 15:59:50 -0600
Processing by UsersController#new as HTML
  Rendering users/new.html.erb within layouts/application
  Rendered users/new.html.erb within layouts/application (0.4ms)
Completed 200 OK in 357ms (Views: 346.3ms | ActiveRecord: 5.0ms)


Started POST "/users" for ::1 at 2021-10-15 15:59:59 -0600
Processing by UsersController#create as HTML
  Parameters: {"user"=>{"username"=>"ry", "password"=>"[FILTERED]"}}
Can't verify CSRF token authenticity.
Completed 422 Unprocessable Entity in 0ms (ActiveRecord: 0.0ms)


  
ActionController::InvalidAuthenticityToken (ActionController::InvalidAuthenticityToken):
  
actionpack (5.2.6) lib/action_controller/metal/request_forgery_protection.rb:215:in `handle_unverified_request'
actionpack (5.2.6) lib/action_controller/metal/request_forgery_protection.rb:247:in `handle_unverified_request'
actionpack (5.2.6) lib/action_controller/metal/request_forgery_protection.rb:242:in `verify_authenticity_token'
activesupport (5.2.6) lib/active_support/callbacks.rb:426:in `block in make_lambda'
activesupport (5.2.6) lib/active_support/callbacks.rb:198:in `block (2 levels) in halting'
actionpack (5.2.6) lib/abstract_controller/callbacks.rb:34:in `block (2 levels) in <module:Callbacks>'
activesupport (5.2.6) lib/active_support/callbacks.rb:199:in `block in halting'
activesupport (5.2.6) lib/active_support/callbacks.rb:513:in `block in invoke_before'
activesupport (5.2.6) lib/active_support/callbacks.rb:513:in `each'
activesupport (5.2.6) lib/active_support/callbacks.rb:513:in `invoke_before'
activesupport (5.2.6) lib/active_support/callbacks.rb:131:in `run_callbacks'
actionpack (5.2.6) lib/abstract_controller/callbacks.rb:41:in `process_action'
actionpack (5.2.6) lib/action_controller/metal/rescue.rb:22:in `process_action'
actionpack (5.2.6) lib/action_controller/metal/instrumentation.rb:34:in `block in process_action'
activesupport (5.2.6) lib/active_support/notifications.rb:168:in `block in instrument'
activesupport (5.2.6) lib/active_support/notifications/instrumenter.rb:23:in `instrument'
activesupport (5.2.6) lib/active_support/notifications.rb:168:in `instrument'
actionpack (5.2.6) lib/action_controller/metal/instrumentation.rb:32:in `process_action'
actionpack (5.2.6) lib/action_controller/metal/params_wrapper.rb:256:in `process_action'
activerecord (5.2.6) lib/active_record/railties/controller_runtime.rb:24:in `process_action'
actionpack (5.2.6) lib/abstract_controller/base.rb:134:in `process'
actionview (5.2.6) lib/action_view/rendering.rb:32:in `process'
actionpack (5.2.6) lib/action_controller/metal.rb:191:in `dispatch'
actionpack (5.2.6) lib/action_controller/metal.rb:252:in `dispatch'
actionpack (5.2.6) lib/action_dispatch/routing/route_set.rb:52:in `dispatch'
actionpack (5.2.6) lib/action_dispatch/routing/route_set.rb:34:in `serve'
actionpack (5.2.6) lib/action_dispatch/journey/router.rb:52:in `block in serve'
actionpack (5.2.6) lib/action_dispatch/journey/router.rb:35:in `each'
actionpack (5.2.6) lib/action_dispatch/journey/router.rb:35:in `serve'
actionpack (5.2.6) lib/action_dispatch/routing/route_set.rb:840:in `call'
rack (2.2.3) lib/rack/tempfile_reaper.rb:15:in `call'
rack (2.2.3) lib/rack/etag.rb:27:in `call'
rack (2.2.3) lib/rack/conditional_get.rb:40:in `call'
rack (2.2.3) lib/rack/head.rb:12:in `call'
actionpack (5.2.6) lib/action_dispatch/http/content_security_policy.rb:18:in `call'
rack (2.2.3) lib/rack/session/abstract/id.rb:266:in `context'
rack (2.2.3) lib/rack/session/abstract/id.rb:260:in `call'
actionpack (5.2.6) lib/action_dispatch/middleware/cookies.rb:670:in `call'
activerecord (5.2.6) lib/active_record/migration.rb:559:in `call'
actionpack (5.2.6) lib/action_dispatch/middleware/callbacks.rb:28:in `block in call'
activesupport (5.2.6) lib/active_support/callbacks.rb:98:in `run_callbacks'
actionpack (5.2.6) lib/action_dispatch/middleware/callbacks.rb:26:in `call'
actionpack (5.2.6) lib/action_dispatch/middleware/executor.rb:14:in `call'
actionpack (5.2.6) lib/action_dispatch/middleware/debug_exceptions.rb:61:in `call'
web-console (3.7.0) lib/web_console/middleware.rb:135:in `call_app'
web-console (3.7.0) lib/web_console/middleware.rb:30:in `block in call'
web-console (3.7.0) lib/web_console/middleware.rb:20:in `catch'
web-console (3.7.0) lib/web_console/middleware.rb:20:in `call'
actionpack (5.2.6) lib/action_dispatch/middleware/show_exceptions.rb:33:in `call'
railties (5.2.6) lib/rails/rack/logger.rb:38:in `call_app'
railties (5.2.6) lib/rails/rack/logger.rb:26:in `block in call'
activesupport (5.2.6) lib/active_support/tagged_logging.rb:71:in `block in tagged'
activesupport (5.2.6) lib/active_support/tagged_logging.rb:28:in `tagged'
activesupport (5.2.6) lib/active_support/tagged_logging.rb:71:in `tagged'
railties (5.2.6) lib/rails/rack/logger.rb:26:in `call'
sprockets-rails (3.2.2) lib/sprockets/rails/quiet_assets.rb:13:in `call'
actionpack (5.2.6) lib/action_dispatch/middleware/remote_ip.rb:81:in `call'
actionpack (5.2.6) lib/action_dispatch/middleware/request_id.rb:27:in `call'
rack (2.2.3) lib/rack/method_override.rb:24:in `call'
rack (2.2.3) lib/rack/runtime.rb:22:in `call'
activesupport (5.2.6) lib/active_support/cache/strategy/local_cache_middleware.rb:29:in `call'
actionpack (5.2.6) lib/action_dispatch/middleware/executor.rb:14:in `call'
actionpack (5.2.6) lib/action_dispatch/middleware/static.rb:127:in `call'
rack (2.2.3) lib/rack/sendfile.rb:110:in `call'
railties (5.2.6) lib/rails/engine.rb:524:in `call'
puma (3.12.6) lib/puma/configuration.rb:227:in `call'
puma (3.12.6) lib/puma/server.rb:706:in `handle_request'
puma (3.12.6) lib/puma/server.rb:476:in `process_client'
puma (3.12.6) lib/puma/server.rb:334:in `block in run'
puma (3.12.6) lib/puma/thread_pool.rb:135:in `block in spawn_thread'
Started GET "/" for ::1 at 2021-10-15 16:00:57 -0600
  [1m[35m (0.7ms)[0m  [1m[34mSELECT "schema_migrations"."version" FROM "schema_migrations" ORDER BY "schema_migrations"."version" ASC[0m
  ↳ /home/ry/.rbenv/versions/2.5.1/lib/ruby/gems/2.5.0/gems/activerecord-5.2.6/lib/active_record/log_subscriber.rb:98
Processing by Rails::WelcomeController#index as HTML
  Rendering /home/ry/.rbenv/versions/2.5.1/lib/ruby/gems/2.5.0/gems/railties-5.2.6/lib/rails/templates/rails/welcome/index.html.erb
  Rendered /home/ry/.rbenv/versions/2.5.1/lib/ruby/gems/2.5.0/gems/railties-5.2.6/lib/rails/templates/rails/welcome/index.html.erb (1.9ms)
Completed 200 OK in 8ms (Views: 4.5ms | ActiveRecord: 0.0ms)


Started GET "/users/new" for ::1 at 2021-10-15 16:01:01 -0600
Processing by UsersController#new as HTML
  Rendering users/new.html.erb within layouts/application
  Rendered users/new.html.erb within layouts/application (0.4ms)
Completed 200 OK in 114ms (Views: 105.7ms | ActiveRecord: 2.6ms)


Started POST "/users" for ::1 at 2021-10-15 16:01:04 -0600
Processing by UsersController#create as HTML
  Parameters: {"user"=>{"username"=>"ry", "password"=>"[FILTERED]"}}
  [1m[35m (0.2ms)[0m  [1m[35mBEGIN[0m
  ↳ app/controllers/users_controller.rb:11
  [1m[36mUser Exists (0.8ms)[0m  [1m[34mSELECT  1 AS one FROM "users" WHERE "users"."username" = $1 LIMIT $2[0m  [["username", "ry"], ["LIMIT", 1]]
  ↳ app/controllers/users_controller.rb:11
  [1m[36mUser Exists (0.5ms)[0m  [1m[34mSELECT  1 AS one FROM "users" WHERE "users"."session_token" = $1 LIMIT $2[0m  [["session_token", "dRcqdPU0cZP76uTk52W0jQ"], ["LIMIT", 1]]
  ↳ app/controllers/users_controller.rb:11
  [1m[36mUser Create (0.9ms)[0m  [1m[32mINSERT INTO "users" ("username", "password_digest", "session_token", "created_at", "updated_at") VALUES ($1, $2, $3, $4, $5) RETURNING "id"[0m  [["username", "ry"], ["password_digest", "$2a$12$AywY8bPjEtu8wsjg.EB7KeqAjpHdBIetWZJp5J25wavOOOh5CfgHC"], ["session_token", "dRcqdPU0cZP76uTk52W0jQ"], ["created_at", "2021-10-15 22:01:04.428837"], ["updated_at", "2021-10-15 22:01:04.428837"]]
  ↳ app/controllers/users_controller.rb:11
  [1m[35m (1.8ms)[0m  [1m[35mCOMMIT[0m
  ↳ app/controllers/users_controller.rb:11
Completed 500 Internal Server Error in 195ms (ActiveRecord: 4.1ms)


  
NoMethodError (undefined method `reset_session_token!' for #<User:0x00007f659c0668d8>
Did you mean?  reset_session_token
               restore_session_token!):
  
app/controllers/application_controller.rb:17:in `login'
app/controllers/users_controller.rb:12:in `create'
Started GET "/users/new" for ::1 at 2021-10-15 16:01:54 -0600
Processing by UsersController#new as HTML
  Rendering users/new.html.erb within layouts/application
  Rendered users/new.html.erb within layouts/application (0.3ms)
Completed 200 OK in 17ms (Views: 10.4ms | ActiveRecord: 2.1ms)


Started POST "/users" for ::1 at 2021-10-15 16:01:57 -0600
Processing by UsersController#create as HTML
  Parameters: {"user"=>{"username"=>"ry", "password"=>"[FILTERED]"}}
  [1m[35m (0.2ms)[0m  [1m[35mBEGIN[0m
  ↳ app/controllers/users_controller.rb:11
  [1m[36mUser Exists (0.4ms)[0m  [1m[34mSELECT  1 AS one FROM "users" WHERE "users"."username" = $1 LIMIT $2[0m  [["username", "ry"], ["LIMIT", 1]]
  ↳ app/controllers/users_controller.rb:11
  [1m[36mUser Exists (0.4ms)[0m  [1m[34mSELECT  1 AS one FROM "users" WHERE "users"."session_token" = $1 LIMIT $2[0m  [["session_token", "wqNjvU4bVmQSCHmC09Hehw"], ["LIMIT", 1]]
  ↳ app/controllers/users_controller.rb:11
  [1m[35m (0.2ms)[0m  [1m[31mROLLBACK[0m
  ↳ app/controllers/users_controller.rb:11
Redirected to http://localhost:3000/session/new
Completed 302 Found in 202ms (ActiveRecord: 1.3ms)


Started GET "/session/new" for ::1 at 2021-10-15 16:01:57 -0600
Processing by SessionsController#new as HTML
Completed 500 Internal Server Error in 2ms (ActiveRecord: 0.0ms)


  
ActionView::MissingTemplate (Missing template sessions/new, application/new with {:locale=>[:en], :formats=>[:html], :variants=>[], :handlers=>[:raw, :erb, :html, :builder, :ruby, :coffee, :jbuilder]}. Searched in:
  * "/home/ry/git_environment/AA_Classwork/W7/D5/Reddit_on_Rails/app/views"
):
  
app/controllers/sessions_controller.rb:6:in `new'
  [1m[36mUser Load (0.5ms)[0m  [1m[34mSELECT  "users".* FROM "users" ORDER BY "users"."id" ASC LIMIT $1[0m  [["LIMIT", 1]]
  [1m[36mUser Load (0.4ms)[0m  [1m[34mSELECT "users".* FROM "users"[0m
Started GET "/session/new" for ::1 at 2021-10-15 16:04:47 -0600
  [1m[35m (0.6ms)[0m  [1m[34mSELECT "schema_migrations"."version" FROM "schema_migrations" ORDER BY "schema_migrations"."version" ASC[0m
  ↳ /home/ry/.rbenv/versions/2.5.1/lib/ruby/gems/2.5.0/gems/activerecord-5.2.6/lib/active_record/log_subscriber.rb:98
Processing by SessionsController#new as HTML
  Rendering sessions/new.html.erb within layouts/application
  Rendered sessions/new.html.erb within layouts/application (0.6ms)
Completed 200 OK in 139ms (Views: 129.0ms | ActiveRecord: 2.6ms)


Started POST "/session" for ::1 at 2021-10-15 16:04:53 -0600
Processing by SessionsController#create as HTML
  Parameters: {"user"=>{"username"=>"ry", "password"=>"[FILTERED]"}}
  [1m[36mUser Load (0.7ms)[0m  [1m[34mSELECT  "users".* FROM "users" WHERE "users"."username" = $1 LIMIT $2[0m  [["username", "ry"], ["LIMIT", 1]]
  ↳ app/models/user.rb:13
  [1m[35m (0.2ms)[0m  [1m[35mBEGIN[0m
  ↳ app/models/user.rb:29
  [1m[36mUser Exists (0.9ms)[0m  [1m[34mSELECT  1 AS one FROM "users" WHERE "users"."username" = $1 AND "users"."id" != $2 LIMIT $3[0m  [["username", "ry"], ["id", 1], ["LIMIT", 1]]
  ↳ app/models/user.rb:29
  [1m[36mUser Exists (0.4ms)[0m  [1m[34mSELECT  1 AS one FROM "users" WHERE "users"."session_token" = $1 AND "users"."id" != $2 LIMIT $3[0m  [["session_token", "hR-dw6pxvdlB6BGG9ik1Ug"], ["id", 1], ["LIMIT", 1]]
  ↳ app/models/user.rb:29
  [1m[36mUser Update (0.5ms)[0m  [1m[33mUPDATE "users" SET "session_token" = $1, "updated_at" = $2 WHERE "users"."id" = $3[0m  [["session_token", "hR-dw6pxvdlB6BGG9ik1Ug"], ["updated_at", "2021-10-15 22:04:53.216723"], ["id", 1]]
  ↳ app/models/user.rb:29
  [1m[35m (1.6ms)[0m  [1m[35mCOMMIT[0m
  ↳ app/models/user.rb:29
Redirected to http://localhost:3000/users
Completed 302 Found in 204ms (ActiveRecord: 4.5ms)


Started GET "/users" for ::1 at 2021-10-15 16:04:53 -0600
  
AbstractController::ActionNotFound (The action 'index' could not be found for UsersController):
  
actionpack (5.2.6) lib/abstract_controller/base.rb:129:in `process'
actionview (5.2.6) lib/action_view/rendering.rb:32:in `process'
actionpack (5.2.6) lib/action_controller/metal.rb:191:in `dispatch'
actionpack (5.2.6) lib/action_controller/metal.rb:252:in `dispatch'
actionpack (5.2.6) lib/action_dispatch/routing/route_set.rb:52:in `dispatch'
actionpack (5.2.6) lib/action_dispatch/routing/route_set.rb:34:in `serve'
actionpack (5.2.6) lib/action_dispatch/journey/router.rb:52:in `block in serve'
actionpack (5.2.6) lib/action_dispatch/journey/router.rb:35:in `each'
actionpack (5.2.6) lib/action_dispatch/journey/router.rb:35:in `serve'
actionpack (5.2.6) lib/action_dispatch/routing/route_set.rb:840:in `call'
rack (2.2.3) lib/rack/tempfile_reaper.rb:15:in `call'
rack (2.2.3) lib/rack/etag.rb:27:in `call'
rack (2.2.3) lib/rack/conditional_get.rb:27:in `call'
rack (2.2.3) lib/rack/head.rb:12:in `call'
actionpack (5.2.6) lib/action_dispatch/http/content_security_policy.rb:18:in `call'
rack (2.2.3) lib/rack/session/abstract/id.rb:266:in `context'
rack (2.2.3) lib/rack/session/abstract/id.rb:260:in `call'
actionpack (5.2.6) lib/action_dispatch/middleware/cookies.rb:670:in `call'
activerecord (5.2.6) lib/active_record/migration.rb:559:in `call'
actionpack (5.2.6) lib/action_dispatch/middleware/callbacks.rb:28:in `block in call'
activesupport (5.2.6) lib/active_support/callbacks.rb:98:in `run_callbacks'
actionpack (5.2.6) lib/action_dispatch/middleware/callbacks.rb:26:in `call'
actionpack (5.2.6) lib/action_dispatch/middleware/executor.rb:14:in `call'
actionpack (5.2.6) lib/action_dispatch/middleware/debug_exceptions.rb:61:in `call'
web-console (3.7.0) lib/web_console/middleware.rb:135:in `call_app'
web-console (3.7.0) lib/web_console/middleware.rb:30:in `block in call'
web-console (3.7.0) lib/web_console/middleware.rb:20:in `catch'
web-console (3.7.0) lib/web_console/middleware.rb:20:in `call'
actionpack (5.2.6) lib/action_dispatch/middleware/show_exceptions.rb:33:in `call'
railties (5.2.6) lib/rails/rack/logger.rb:38:in `call_app'
railties (5.2.6) lib/rails/rack/logger.rb:26:in `block in call'
activesupport (5.2.6) lib/active_support/tagged_logging.rb:71:in `block in tagged'
activesupport (5.2.6) lib/active_support/tagged_logging.rb:28:in `tagged'
activesupport (5.2.6) lib/active_support/tagged_logging.rb:71:in `tagged'
railties (5.2.6) lib/rails/rack/logger.rb:26:in `call'
sprockets-rails (3.2.2) lib/sprockets/rails/quiet_assets.rb:13:in `call'
actionpack (5.2.6) lib/action_dispatch/middleware/remote_ip.rb:81:in `call'
actionpack (5.2.6) lib/action_dispatch/middleware/request_id.rb:27:in `call'
rack (2.2.3) lib/rack/method_override.rb:24:in `call'
rack (2.2.3) lib/rack/runtime.rb:22:in `call'
activesupport (5.2.6) lib/active_support/cache/strategy/local_cache_middleware.rb:29:in `call'
actionpack (5.2.6) lib/action_dispatch/middleware/executor.rb:14:in `call'
actionpack (5.2.6) lib/action_dispatch/middleware/static.rb:127:in `call'
rack (2.2.3) lib/rack/sendfile.rb:110:in `call'
railties (5.2.6) lib/rails/engine.rb:524:in `call'
puma (3.12.6) lib/puma/configuration.rb:227:in `call'
puma (3.12.6) lib/puma/server.rb:706:in `handle_request'
puma (3.12.6) lib/puma/server.rb:476:in `process_client'
puma (3.12.6) lib/puma/server.rb:334:in `block in run'
puma (3.12.6) lib/puma/thread_pool.rb:135:in `block in spawn_thread'
  [1m[35m (0.4ms)[0m  [1m[34mSELECT pg_try_advisory_lock(5070611759890158195)[0m
  ↳ bin/rails:9
  [1m[35m (0.6ms)[0m  [1m[34mSELECT "schema_migrations"."version" FROM "schema_migrations" ORDER BY "schema_migrations"."version" ASC[0m
  ↳ bin/rails:9
Migrating to CreateSubs (20211015220736)
  [1m[35m (0.3ms)[0m  [1m[35mBEGIN[0m
  ↳ bin/rails:9
  [1m[35m (152.0ms)[0m  [1m[35mCREATE TABLE "subs" ("id" bigserial primary key, "title" character varying NOT NULL, "description" text NOT NULL, "moderator_id" integer NOT NULL, "created_at" timestamp NOT NULL, "updated_at" timestamp NOT NULL)[0m
  ↳ db/migrate/20211015220736_create_subs.rb:3
  [1m[35m (90.6ms)[0m  [1m[35mCREATE  INDEX  "index_subs_on_moderator_id" ON "subs"  ("moderator_id")[0m
  ↳ db/migrate/20211015220736_create_subs.rb:10
  [1m[36mActiveRecord::SchemaMigration Create (0.7ms)[0m  [1m[32mINSERT INTO "schema_migrations" ("version") VALUES ($1) RETURNING "version"[0m  [["version", "20211015220736"]]
  ↳ bin/rails:9
  [1m[35m (21.1ms)[0m  [1m[35mCOMMIT[0m
  ↳ bin/rails:9
  [1m[36mActiveRecord::InternalMetadata Load (0.9ms)[0m  [1m[34mSELECT  "ar_internal_metadata".* FROM "ar_internal_metadata" WHERE "ar_internal_metadata"."key" = $1 LIMIT $2[0m  [["key", "environment"], ["LIMIT", 1]]
  ↳ bin/rails:9
  [1m[35m (0.3ms)[0m  [1m[35mBEGIN[0m
  ↳ bin/rails:9
  [1m[35m (0.2ms)[0m  [1m[35mCOMMIT[0m
  ↳ bin/rails:9
  [1m[35m (0.4ms)[0m  [1m[34mSELECT pg_advisory_unlock(5070611759890158195)[0m
  ↳ bin/rails:9
  [1m[35m (0.5ms)[0m  [1m[34mSELECT "schema_migrations"."version" FROM "schema_migrations" ORDER BY "schema_migrations"."version" ASC[0m
  ↳ bin/rails:9
  [1m[36mSub Load (0.6ms)[0m  [1m[34mSELECT "subs".* FROM "subs"[0m
  [1m[35m (0.3ms)[0m  [1m[35mBEGIN[0m
  [1m[35m (0.3ms)[0m  [1m[31mROLLBACK[0m
  [1m[35m (0.3ms)[0m  [1m[35mBEGIN[0m
  [1m[36mUser Exists (0.9ms)[0m  [1m[34mSELECT  1 AS one FROM "users" WHERE "users"."username" = $1 LIMIT $2[0m  [["username", "Ry"], ["LIMIT", 1]]
  [1m[36mUser Exists (0.4ms)[0m  [1m[34mSELECT  1 AS one FROM "users" WHERE "users"."session_token" = $1 LIMIT $2[0m  [["session_token", "0gU5nCSTHhlW63iWU8dW4Q"], ["LIMIT", 1]]
  [1m[36mUser Create (1.6ms)[0m  [1m[32mINSERT INTO "users" ("username", "password_digest", "session_token", "created_at", "updated_at") VALUES ($1, $2, $3, $4, $5) RETURNING "id"[0m  [["username", "Ry"], ["password_digest", "$2a$12$AkqEjfpwKr05a59VVMmAMunMhGLJ5ceSfJKmQ3em16NUVqMSSfi4O"], ["session_token", "0gU5nCSTHhlW63iWU8dW4Q"], ["created_at", "2021-10-15 22:13:34.912542"], ["updated_at", "2021-10-15 22:13:34.912542"]]
  [1m[35m (65.4ms)[0m  [1m[35mCOMMIT[0m
  [1m[35m (0.3ms)[0m  [1m[35mBEGIN[0m
  [1m[36mUser Load (0.4ms)[0m  [1m[34mSELECT  "users".* FROM "users" WHERE "users"."id" = $1 LIMIT $2[0m  [["id", 1], ["LIMIT", 1]]
  [1m[36mSub Create (0.9ms)[0m  [1m[32mINSERT INTO "subs" ("title", "description", "moderator_id", "created_at", "updated_at") VALUES ($1, $2, $3, $4, $5) RETURNING "id"[0m  [["title", "cats"], ["description", "cat pics"], ["moderator_id", 1], ["created_at", "2021-10-15 22:13:45.285896"], ["updated_at", "2021-10-15 22:13:45.285896"]]
  [1m[35m (31.6ms)[0m  [1m[35mCOMMIT[0m
  [1m[36mUser Load (0.4ms)[0m  [1m[34mSELECT  "users".* FROM "users" ORDER BY "users"."id" ASC LIMIT $1[0m  [["LIMIT", 1]]
  [1m[36mUser Load (1.3ms)[0m  [1m[34mSELECT "users".* FROM "users"[0m
  [1m[36mSub Load (0.7ms)[0m  [1m[34mSELECT "subs".* FROM "subs"[0m
Started GET "/" for ::1 at 2021-10-15 17:02:55 -0600
  [1m[35m (0.5ms)[0m  [1m[34mSELECT "schema_migrations"."version" FROM "schema_migrations" ORDER BY "schema_migrations"."version" ASC[0m
  ↳ /home/ry/.rbenv/versions/2.5.1/lib/ruby/gems/2.5.0/gems/activerecord-5.2.6/lib/active_record/log_subscriber.rb:98
  
ActiveRecord::PendingMigrationError (

Migrations are pending. To resolve this issue, run:

        bin/rails db:migrate RAILS_ENV=development

):
  
activerecord (5.2.6) lib/active_record/migration.rb:579:in `check_pending!'
activerecord (5.2.6) lib/active_record/migration.rb:556:in `call'
actionpack (5.2.6) lib/action_dispatch/middleware/callbacks.rb:28:in `block in call'
activesupport (5.2.6) lib/active_support/callbacks.rb:98:in `run_callbacks'
actionpack (5.2.6) lib/action_dispatch/middleware/callbacks.rb:26:in `call'
actionpack (5.2.6) lib/action_dispatch/middleware/executor.rb:14:in `call'
actionpack (5.2.6) lib/action_dispatch/middleware/debug_exceptions.rb:61:in `call'
web-console (3.7.0) lib/web_console/middleware.rb:135:in `call_app'
web-console (3.7.0) lib/web_console/middleware.rb:30:in `block in call'
web-console (3.7.0) lib/web_console/middleware.rb:20:in `catch'
web-console (3.7.0) lib/web_console/middleware.rb:20:in `call'
actionpack (5.2.6) lib/action_dispatch/middleware/show_exceptions.rb:33:in `call'
railties (5.2.6) lib/rails/rack/logger.rb:38:in `call_app'
railties (5.2.6) lib/rails/rack/logger.rb:26:in `block in call'
activesupport (5.2.6) lib/active_support/tagged_logging.rb:71:in `block in tagged'
activesupport (5.2.6) lib/active_support/tagged_logging.rb:28:in `tagged'
activesupport (5.2.6) lib/active_support/tagged_logging.rb:71:in `tagged'
railties (5.2.6) lib/rails/rack/logger.rb:26:in `call'
sprockets-rails (3.2.2) lib/sprockets/rails/quiet_assets.rb:13:in `call'
actionpack (5.2.6) lib/action_dispatch/middleware/remote_ip.rb:81:in `call'
actionpack (5.2.6) lib/action_dispatch/middleware/request_id.rb:27:in `call'
rack (2.2.3) lib/rack/method_override.rb:24:in `call'
rack (2.2.3) lib/rack/runtime.rb:22:in `call'
activesupport (5.2.6) lib/active_support/cache/strategy/local_cache_middleware.rb:29:in `call'
actionpack (5.2.6) lib/action_dispatch/middleware/executor.rb:14:in `call'
actionpack (5.2.6) lib/action_dispatch/middleware/static.rb:127:in `call'
rack (2.2.3) lib/rack/sendfile.rb:110:in `call'
railties (5.2.6) lib/rails/engine.rb:524:in `call'
puma (3.12.6) lib/puma/configuration.rb:227:in `call'
puma (3.12.6) lib/puma/server.rb:706:in `handle_request'
puma (3.12.6) lib/puma/server.rb:476:in `process_client'
puma (3.12.6) lib/puma/server.rb:334:in `block in run'
puma (3.12.6) lib/puma/thread_pool.rb:135:in `block in spawn_thread'
Started GET "/session/new" for ::1 at 2021-10-15 17:02:59 -0600
  [1m[35m (0.2ms)[0m  [1m[34mSELECT "schema_migrations"."version" FROM "schema_migrations" ORDER BY "schema_migrations"."version" ASC[0m
  ↳ /home/ry/.rbenv/versions/2.5.1/lib/ruby/gems/2.5.0/gems/activerecord-5.2.6/lib/active_record/log_subscriber.rb:98
  
ActiveRecord::PendingMigrationError (

Migrations are pending. To resolve this issue, run:

        bin/rails db:migrate RAILS_ENV=development

):
  
activerecord (5.2.6) lib/active_record/migration.rb:579:in `check_pending!'
activerecord (5.2.6) lib/active_record/migration.rb:556:in `call'
actionpack (5.2.6) lib/action_dispatch/middleware/callbacks.rb:28:in `block in call'
activesupport (5.2.6) lib/active_support/callbacks.rb:98:in `run_callbacks'
actionpack (5.2.6) lib/action_dispatch/middleware/callbacks.rb:26:in `call'
actionpack (5.2.6) lib/action_dispatch/middleware/executor.rb:14:in `call'
actionpack (5.2.6) lib/action_dispatch/middleware/debug_exceptions.rb:61:in `call'
web-console (3.7.0) lib/web_console/middleware.rb:135:in `call_app'
web-console (3.7.0) lib/web_console/middleware.rb:30:in `block in call'
web-console (3.7.0) lib/web_console/middleware.rb:20:in `catch'
web-console (3.7.0) lib/web_console/middleware.rb:20:in `call'
actionpack (5.2.6) lib/action_dispatch/middleware/show_exceptions.rb:33:in `call'
railties (5.2.6) lib/rails/rack/logger.rb:38:in `call_app'
railties (5.2.6) lib/rails/rack/logger.rb:26:in `block in call'
activesupport (5.2.6) lib/active_support/tagged_logging.rb:71:in `block in tagged'
activesupport (5.2.6) lib/active_support/tagged_logging.rb:28:in `tagged'
activesupport (5.2.6) lib/active_support/tagged_logging.rb:71:in `tagged'
railties (5.2.6) lib/rails/rack/logger.rb:26:in `call'
sprockets-rails (3.2.2) lib/sprockets/rails/quiet_assets.rb:13:in `call'
actionpack (5.2.6) lib/action_dispatch/middleware/remote_ip.rb:81:in `call'
actionpack (5.2.6) lib/action_dispatch/middleware/request_id.rb:27:in `call'
rack (2.2.3) lib/rack/method_override.rb:24:in `call'
rack (2.2.3) lib/rack/runtime.rb:22:in `call'
activesupport (5.2.6) lib/active_support/cache/strategy/local_cache_middleware.rb:29:in `call'
actionpack (5.2.6) lib/action_dispatch/middleware/executor.rb:14:in `call'
actionpack (5.2.6) lib/action_dispatch/middleware/static.rb:127:in `call'
rack (2.2.3) lib/rack/sendfile.rb:110:in `call'
railties (5.2.6) lib/rails/engine.rb:524:in `call'
puma (3.12.6) lib/puma/configuration.rb:227:in `call'
puma (3.12.6) lib/puma/server.rb:706:in `handle_request'
puma (3.12.6) lib/puma/server.rb:476:in `process_client'
puma (3.12.6) lib/puma/server.rb:334:in `block in run'
puma (3.12.6) lib/puma/thread_pool.rb:135:in `block in spawn_thread'
Started GET "/session/new" for ::1 at 2021-10-15 17:03:04 -0600
  [1m[35m (0.3ms)[0m  [1m[34mSELECT "schema_migrations"."version" FROM "schema_migrations" ORDER BY "schema_migrations"."version" ASC[0m
  ↳ /home/ry/.rbenv/versions/2.5.1/lib/ruby/gems/2.5.0/gems/activerecord-5.2.6/lib/active_record/log_subscriber.rb:98
  
ActiveRecord::PendingMigrationError (

Migrations are pending. To resolve this issue, run:

        bin/rails db:migrate RAILS_ENV=development

):
  
activerecord (5.2.6) lib/active_record/migration.rb:579:in `check_pending!'
activerecord (5.2.6) lib/active_record/migration.rb:556:in `call'
actionpack (5.2.6) lib/action_dispatch/middleware/callbacks.rb:28:in `block in call'
activesupport (5.2.6) lib/active_support/callbacks.rb:98:in `run_callbacks'
actionpack (5.2.6) lib/action_dispatch/middleware/callbacks.rb:26:in `call'
actionpack (5.2.6) lib/action_dispatch/middleware/executor.rb:14:in `call'
actionpack (5.2.6) lib/action_dispatch/middleware/debug_exceptions.rb:61:in `call'
web-console (3.7.0) lib/web_console/middleware.rb:135:in `call_app'
web-console (3.7.0) lib/web_console/middleware.rb:30:in `block in call'
web-console (3.7.0) lib/web_console/middleware.rb:20:in `catch'
web-console (3.7.0) lib/web_console/middleware.rb:20:in `call'
actionpack (5.2.6) lib/action_dispatch/middleware/show_exceptions.rb:33:in `call'
railties (5.2.6) lib/rails/rack/logger.rb:38:in `call_app'
railties (5.2.6) lib/rails/rack/logger.rb:26:in `block in call'
activesupport (5.2.6) lib/active_support/tagged_logging.rb:71:in `block in tagged'
activesupport (5.2.6) lib/active_support/tagged_logging.rb:28:in `tagged'
activesupport (5.2.6) lib/active_support/tagged_logging.rb:71:in `tagged'
railties (5.2.6) lib/rails/rack/logger.rb:26:in `call'
sprockets-rails (3.2.2) lib/sprockets/rails/quiet_assets.rb:13:in `call'
actionpack (5.2.6) lib/action_dispatch/middleware/remote_ip.rb:81:in `call'
actionpack (5.2.6) lib/action_dispatch/middleware/request_id.rb:27:in `call'
rack (2.2.3) lib/rack/method_override.rb:24:in `call'
rack (2.2.3) lib/rack/runtime.rb:22:in `call'
activesupport (5.2.6) lib/active_support/cache/strategy/local_cache_middleware.rb:29:in `call'
actionpack (5.2.6) lib/action_dispatch/middleware/executor.rb:14:in `call'
actionpack (5.2.6) lib/action_dispatch/middleware/static.rb:127:in `call'
rack (2.2.3) lib/rack/sendfile.rb:110:in `call'
railties (5.2.6) lib/rails/engine.rb:524:in `call'
puma (3.12.6) lib/puma/configuration.rb:227:in `call'
puma (3.12.6) lib/puma/server.rb:706:in `handle_request'
puma (3.12.6) lib/puma/server.rb:476:in `process_client'
puma (3.12.6) lib/puma/server.rb:334:in `block in run'
puma (3.12.6) lib/puma/thread_pool.rb:135:in `block in spawn_thread'
  [1m[35m (0.4ms)[0m  [1m[34mSELECT pg_try_advisory_lock(5070611759890158195)[0m
  ↳ bin/rails:9
  [1m[35m (0.4ms)[0m  [1m[34mSELECT "schema_migrations"."version" FROM "schema_migrations" ORDER BY "schema_migrations"."version" ASC[0m
  ↳ bin/rails:9
Migrating to CreateSubs (20211015220736)
  [1m[35m (0.2ms)[0m  [1m[35mBEGIN[0m
  ↳ bin/rails:9
  [1m[35m (21.0ms)[0m  [1m[35mCREATE TABLE "subs" ("id" bigserial primary key, "title" character varying NOT NULL, "description" text NOT NULL, "moderator_id" integer NOT NULL, "created_at" timestamp NOT NULL, "updated_at" timestamp NOT NULL)[0m
  ↳ db/migrate/20211015220736_create_subs.rb:3
  [1m[35m (3.7ms)[0m  [1m[35mCREATE  INDEX  "index_subs_on_moderator_id" ON "subs"  ("moderator_id")[0m
  ↳ db/migrate/20211015220736_create_subs.rb:10
  [1m[36mActiveRecord::SchemaMigration Create (0.6ms)[0m  [1m[32mINSERT INTO "schema_migrations" ("version") VALUES ($1) RETURNING "version"[0m  [["version", "20211015220736"]]
  ↳ bin/rails:9
  [1m[35m (7.6ms)[0m  [1m[35mCOMMIT[0m
  ↳ bin/rails:9
  [1m[36mActiveRecord::InternalMetadata Load (0.9ms)[0m  [1m[34mSELECT  "ar_internal_metadata".* FROM "ar_internal_metadata" WHERE "ar_internal_metadata"."key" = $1 LIMIT $2[0m  [["key", "environment"], ["LIMIT", 1]]
  ↳ bin/rails:9
  [1m[35m (0.2ms)[0m  [1m[35mBEGIN[0m
  ↳ bin/rails:9
  [1m[35m (0.2ms)[0m  [1m[35mCOMMIT[0m
  ↳ bin/rails:9
  [1m[35m (0.3ms)[0m  [1m[34mSELECT pg_advisory_unlock(5070611759890158195)[0m
  ↳ bin/rails:9
  [1m[35m (0.3ms)[0m  [1m[34mSELECT "schema_migrations"."version" FROM "schema_migrations" ORDER BY "schema_migrations"."version" ASC[0m
  ↳ bin/rails:9
  [1m[36mSub Load (0.5ms)[0m  [1m[34mSELECT "subs".* FROM "subs"[0m
  [1m[35m (0.2ms)[0m  [1m[35mBEGIN[0m
  [1m[36mUser Load (0.5ms)[0m  [1m[34mSELECT  "users".* FROM "users" WHERE "users"."id" = $1 LIMIT $2[0m  [["id", 1], ["LIMIT", 1]]
  [1m[36mSub Create (0.7ms)[0m  [1m[32mINSERT INTO "subs" ("title", "description", "moderator_id", "created_at", "updated_at") VALUES ($1, $2, $3, $4, $5) RETURNING "id"[0m  [["title", "Cats"], ["description", "Cat pics"], ["moderator_id", 1], ["created_at", "2021-10-15 23:04:08.603393"], ["updated_at", "2021-10-15 23:04:08.603393"]]
  [1m[35m (2.5ms)[0m  [1m[35mCOMMIT[0m
Started GET "/session/new" for 127.0.0.1 at 2021-10-15 17:04:33 -0600
  [1m[35m (0.4ms)[0m  [1m[34mSELECT "schema_migrations"."version" FROM "schema_migrations" ORDER BY "schema_migrations"."version" ASC[0m
  ↳ /home/ry/.rbenv/versions/2.5.1/lib/ruby/gems/2.5.0/gems/activerecord-5.2.6/lib/active_record/log_subscriber.rb:98
Processing by SessionsController#new as HTML
  Rendering sessions/new.html.erb within layouts/application
  Rendered sessions/new.html.erb within layouts/application (0.7ms)
Completed 200 OK in 178ms (Views: 163.2ms | ActiveRecord: 2.3ms)


Started POST "/session" for ::1 at 2021-10-15 17:04:37 -0600
Processing by SessionsController#create as HTML
  Parameters: {"user"=>{"username"=>"ry", "password"=>"[FILTERED]"}}
  [1m[36mUser Load (0.4ms)[0m  [1m[34mSELECT  "users".* FROM "users" WHERE "users"."username" = $1 LIMIT $2[0m  [["username", "ry"], ["LIMIT", 1]]
  ↳ app/models/user.rb:14
  [1m[35m (0.2ms)[0m  [1m[35mBEGIN[0m
  ↳ app/models/user.rb:30
  [1m[36mUser Exists (0.3ms)[0m  [1m[34mSELECT  1 AS one FROM "users" WHERE "users"."username" = $1 AND "users"."id" != $2 LIMIT $3[0m  [["username", "ry"], ["id", 1], ["LIMIT", 1]]
  ↳ app/models/user.rb:30
  [1m[36mUser Exists (0.2ms)[0m  [1m[34mSELECT  1 AS one FROM "users" WHERE "users"."session_token" = $1 AND "users"."id" != $2 LIMIT $3[0m  [["session_token", "gGfS_5AngW75xSvZMLNmLQ"], ["id", 1], ["LIMIT", 1]]
  ↳ app/models/user.rb:30
  [1m[36mUser Update (0.3ms)[0m  [1m[33mUPDATE "users" SET "session_token" = $1, "updated_at" = $2 WHERE "users"."id" = $3[0m  [["session_token", "gGfS_5AngW75xSvZMLNmLQ"], ["updated_at", "2021-10-15 23:04:37.576964"], ["id", 1]]
  ↳ app/models/user.rb:30
  [1m[35m (1.4ms)[0m  [1m[35mCOMMIT[0m
  ↳ app/models/user.rb:30
Redirected to http://localhost:3000/users
Completed 302 Found in 196ms (ActiveRecord: 2.9ms)


Started GET "/users" for ::1 at 2021-10-15 17:04:37 -0600
  
AbstractController::ActionNotFound (The action 'index' could not be found for UsersController):
  
actionpack (5.2.6) lib/abstract_controller/base.rb:129:in `process'
actionview (5.2.6) lib/action_view/rendering.rb:32:in `process'
actionpack (5.2.6) lib/action_controller/metal.rb:191:in `dispatch'
actionpack (5.2.6) lib/action_controller/metal.rb:252:in `dispatch'
actionpack (5.2.6) lib/action_dispatch/routing/route_set.rb:52:in `dispatch'
actionpack (5.2.6) lib/action_dispatch/routing/route_set.rb:34:in `serve'
actionpack (5.2.6) lib/action_dispatch/journey/router.rb:52:in `block in serve'
actionpack (5.2.6) lib/action_dispatch/journey/router.rb:35:in `each'
actionpack (5.2.6) lib/action_dispatch/journey/router.rb:35:in `serve'
actionpack (5.2.6) lib/action_dispatch/routing/route_set.rb:840:in `call'
rack (2.2.3) lib/rack/tempfile_reaper.rb:15:in `call'
rack (2.2.3) lib/rack/etag.rb:27:in `call'
rack (2.2.3) lib/rack/conditional_get.rb:27:in `call'
rack (2.2.3) lib/rack/head.rb:12:in `call'
actionpack (5.2.6) lib/action_dispatch/http/content_security_policy.rb:18:in `call'
rack (2.2.3) lib/rack/session/abstract/id.rb:266:in `context'
rack (2.2.3) lib/rack/session/abstract/id.rb:260:in `call'
actionpack (5.2.6) lib/action_dispatch/middleware/cookies.rb:670:in `call'
activerecord (5.2.6) lib/active_record/migration.rb:559:in `call'
actionpack (5.2.6) lib/action_dispatch/middleware/callbacks.rb:28:in `block in call'
activesupport (5.2.6) lib/active_support/callbacks.rb:98:in `run_callbacks'
actionpack (5.2.6) lib/action_dispatch/middleware/callbacks.rb:26:in `call'
actionpack (5.2.6) lib/action_dispatch/middleware/executor.rb:14:in `call'
actionpack (5.2.6) lib/action_dispatch/middleware/debug_exceptions.rb:61:in `call'
web-console (3.7.0) lib/web_console/middleware.rb:135:in `call_app'
web-console (3.7.0) lib/web_console/middleware.rb:30:in `block in call'
web-console (3.7.0) lib/web_console/middleware.rb:20:in `catch'
web-console (3.7.0) lib/web_console/middleware.rb:20:in `call'
actionpack (5.2.6) lib/action_dispatch/middleware/show_exceptions.rb:33:in `call'
railties (5.2.6) lib/rails/rack/logger.rb:38:in `call_app'
railties (5.2.6) lib/rails/rack/logger.rb:26:in `block in call'
activesupport (5.2.6) lib/active_support/tagged_logging.rb:71:in `block in tagged'
activesupport (5.2.6) lib/active_support/tagged_logging.rb:28:in `tagged'
activesupport (5.2.6) lib/active_support/tagged_logging.rb:71:in `tagged'
railties (5.2.6) lib/rails/rack/logger.rb:26:in `call'
sprockets-rails (3.2.2) lib/sprockets/rails/quiet_assets.rb:13:in `call'
actionpack (5.2.6) lib/action_dispatch/middleware/remote_ip.rb:81:in `call'
actionpack (5.2.6) lib/action_dispatch/middleware/request_id.rb:27:in `call'
rack (2.2.3) lib/rack/method_override.rb:24:in `call'
rack (2.2.3) lib/rack/runtime.rb:22:in `call'
activesupport (5.2.6) lib/active_support/cache/strategy/local_cache_middleware.rb:29:in `call'
actionpack (5.2.6) lib/action_dispatch/middleware/executor.rb:14:in `call'
actionpack (5.2.6) lib/action_dispatch/middleware/static.rb:127:in `call'
rack (2.2.3) lib/rack/sendfile.rb:110:in `call'
railties (5.2.6) lib/rails/engine.rb:524:in `call'
puma (3.12.6) lib/puma/configuration.rb:227:in `call'
puma (3.12.6) lib/puma/server.rb:706:in `handle_request'
puma (3.12.6) lib/puma/server.rb:476:in `process_client'
puma (3.12.6) lib/puma/server.rb:334:in `block in run'
puma (3.12.6) lib/puma/thread_pool.rb:135:in `block in spawn_thread'
  [1m[36mUser Load (0.2ms)[0m  [1m[34mSELECT  "users".* FROM "users" ORDER BY "users"."id" ASC LIMIT $1[0m  [["LIMIT", 1]]
Started GET "/subs/1/edit" for ::1 at 2021-10-15 17:06:12 -0600
Processing by SubsController#edit as HTML
  Parameters: {"id"=>"1"}
  [1m[36mSub Load (0.5ms)[0m  [1m[34mSELECT  "subs".* FROM "subs" WHERE "subs"."id" = $1 LIMIT $2[0m  [["id", 1], ["LIMIT", 1]]
  ↳ app/controllers/application_controller.rb:32
  [1m[36mUser Load (0.2ms)[0m  [1m[34mSELECT  "users".* FROM "users" WHERE "users"."session_token" = $1 LIMIT $2[0m  [["session_token", "gGfS_5AngW75xSvZMLNmLQ"], ["LIMIT", 1]]
  ↳ app/controllers/application_controller.rb:5
Completed 500 Internal Server Error in 28ms (ActiveRecord: 5.5ms)


  
ActiveRecord::StatementInvalid (PG::UndefinedColumn: ERROR:  column subs.user_id does not exist
LINE 1: SELECT  "subs".* FROM "subs" WHERE "subs"."user_id" = $1 AND...
                                           ^
: SELECT  "subs".* FROM "subs" WHERE "subs"."user_id" = $1 AND "subs"."id" = $2 ORDER BY "subs"."id" ASC LIMIT $3):
  
app/controllers/subs_controller.rb:32:in `edit'
Started GET "/subs/1/edit" for ::1 at 2021-10-15 17:08:14 -0600
  [1m[35m (0.4ms)[0m  [1m[34mSELECT "schema_migrations"."version" FROM "schema_migrations" ORDER BY "schema_migrations"."version" ASC[0m
  ↳ /home/ry/.rbenv/versions/2.5.1/lib/ruby/gems/2.5.0/gems/activerecord-5.2.6/lib/active_record/log_subscriber.rb:98
Processing by SubsController#edit as HTML
  Parameters: {"id"=>"1"}
  [1m[36mSub Load (0.2ms)[0m  [1m[34mSELECT  "subs".* FROM "subs" WHERE "subs"."id" = $1 LIMIT $2[0m  [["id", 1], ["LIMIT", 1]]
  ↳ app/controllers/application_controller.rb:32
  [1m[36mUser Load (0.3ms)[0m  [1m[34mSELECT  "users".* FROM "users" WHERE "users"."session_token" = $1 LIMIT $2[0m  [["session_token", "gGfS_5AngW75xSvZMLNmLQ"], ["LIMIT", 1]]
  ↳ app/controllers/application_controller.rb:5
  [1m[36mSub Load (0.3ms)[0m  [1m[34mSELECT  "subs".* FROM "subs" WHERE "subs"."moderator_id" = $1 AND "subs"."id" = $2 ORDER BY "subs"."id" ASC LIMIT $3[0m  [["moderator_id", 1], ["id", 1], ["LIMIT", 1]]
  ↳ app/controllers/subs_controller.rb:32
Completed 500 Internal Server Error in 36ms (ActiveRecord: 5.7ms)


  
ActionView::MissingTemplate (Missing template subs/edit, application/edit with {:locale=>[:en], :formats=>[:html], :variants=>[], :handlers=>[:raw, :erb, :html, :builder, :ruby, :coffee, :jbuilder]}. Searched in:
  * "/home/ry/git_environment/AA_Classwork/W7/D5/Reddit_on_Rails/app/views"
):
  
app/controllers/subs_controller.rb:36:in `edit'
Started GET "/" for ::1 at 2021-10-15 17:11:49 -0600
  [1m[35m (0.3ms)[0m  [1m[34mSELECT "schema_migrations"."version" FROM "schema_migrations" ORDER BY "schema_migrations"."version" ASC[0m
  ↳ /home/ry/.rbenv/versions/2.5.1/lib/ruby/gems/2.5.0/gems/activerecord-5.2.6/lib/active_record/log_subscriber.rb:98
Started GET "/subs" for ::1 at 2021-10-15 17:11:49 -0600
Processing by SubsController#index as HTML
Completed 500 Internal Server Error in 3ms (ActiveRecord: 0.0ms)


  
NameError (uninitialized constant SubsController::Subs):
  
app/controllers/subs_controller.rb:5:in `index'
Started GET "/subs" for ::1 at 2021-10-15 17:12:08 -0600
Processing by SubsController#index as HTML
  Rendering subs/index.html.erb within layouts/application
  Rendered subs/index.html.erb within layouts/application (0.3ms)
Completed 200 OK in 110ms (Views: 106.4ms | ActiveRecord: 0.0ms)


Started GET "/subs/new" for ::1 at 2021-10-15 17:12:19 -0600
Processing by SubsController#new as HTML
  Rendering subs/new.html.erb within layouts/application
  Rendered subs/new.html.erb within layouts/application (0.2ms)
Completed 200 OK in 22ms (Views: 14.0ms | ActiveRecord: 2.8ms)


  [1m[35m (0.2ms)[0m  [1m[34mSELECT pg_try_advisory_lock(5070611759890158195)[0m
  ↳ bin/rails:9
  [1m[35m (0.4ms)[0m  [1m[34mSELECT "schema_migrations"."version" FROM "schema_migrations" ORDER BY "schema_migrations"."version" ASC[0m
  ↳ bin/rails:9
Migrating to CreatePosts (20211015231307)
  [1m[35m (0.1ms)[0m  [1m[35mBEGIN[0m
  ↳ bin/rails:9
  [1m[35m (15.8ms)[0m  [1m[35mCREATE TABLE "posts" ("id" bigserial primary key, "title" character varying NOT NULL, "url" character varying, "content" text, "sub_id" integer NOT NULL, "author_id" integer NOT NULL, "created_at" timestamp NOT NULL, "updated_at" timestamp NOT NULL)[0m
  ↳ db/migrate/20211015231307_create_posts.rb:3
  [1m[35m (3.6ms)[0m  [1m[35mCREATE  INDEX  "index_posts_on_sub_id" ON "posts"  ("sub_id")[0m
  ↳ db/migrate/20211015231307_create_posts.rb:13
  [1m[35m (3.9ms)[0m  [1m[35mCREATE  INDEX  "index_posts_on_author_id" ON "posts"  ("author_id")[0m
  ↳ db/migrate/20211015231307_create_posts.rb:14
  [1m[36mActiveRecord::SchemaMigration Create (0.2ms)[0m  [1m[32mINSERT INTO "schema_migrations" ("version") VALUES ($1) RETURNING "version"[0m  [["version", "20211015231307"]]
  ↳ bin/rails:9
  [1m[35m (2.3ms)[0m  [1m[35mCOMMIT[0m
  ↳ bin/rails:9
  [1m[36mActiveRecord::InternalMetadata Load (0.2ms)[0m  [1m[34mSELECT  "ar_internal_metadata".* FROM "ar_internal_metadata" WHERE "ar_internal_metadata"."key" = $1 LIMIT $2[0m  [["key", "environment"], ["LIMIT", 1]]
  ↳ bin/rails:9
  [1m[35m (0.1ms)[0m  [1m[35mBEGIN[0m
  ↳ bin/rails:9
  [1m[35m (0.1ms)[0m  [1m[35mCOMMIT[0m
  ↳ bin/rails:9
  [1m[35m (0.2ms)[0m  [1m[34mSELECT pg_advisory_unlock(5070611759890158195)[0m
  ↳ bin/rails:9
  [1m[35m (0.3ms)[0m  [1m[34mSELECT "schema_migrations"."version" FROM "schema_migrations" ORDER BY "schema_migrations"."version" ASC[0m
  ↳ bin/rails:9
Started POST "/subs/1?title=funnycat&url=test.com&content=look%20at%20the%20cat" for ::1 at 2021-10-15 17:30:22 -0600
  [1m[35m (0.7ms)[0m  [1m[34mSELECT "schema_migrations"."version" FROM "schema_migrations" ORDER BY "schema_migrations"."version" ASC[0m
  ↳ /home/ry/.rbenv/versions/2.5.1/lib/ruby/gems/2.5.0/gems/activerecord-5.2.6/lib/active_record/log_subscriber.rb:98
  
ActionController::RoutingError (No route matches [POST] "/subs/1"):
  
actionpack (5.2.6) lib/action_dispatch/middleware/debug_exceptions.rb:65:in `call'
web-console (3.7.0) lib/web_console/middleware.rb:135:in `call_app'
web-console (3.7.0) lib/web_console/middleware.rb:30:in `block in call'
web-console (3.7.0) lib/web_console/middleware.rb:20:in `catch'
web-console (3.7.0) lib/web_console/middleware.rb:20:in `call'
actionpack (5.2.6) lib/action_dispatch/middleware/show_exceptions.rb:33:in `call'
railties (5.2.6) lib/rails/rack/logger.rb:38:in `call_app'
railties (5.2.6) lib/rails/rack/logger.rb:26:in `block in call'
activesupport (5.2.6) lib/active_support/tagged_logging.rb:71:in `block in tagged'
activesupport (5.2.6) lib/active_support/tagged_logging.rb:28:in `tagged'
activesupport (5.2.6) lib/active_support/tagged_logging.rb:71:in `tagged'
railties (5.2.6) lib/rails/rack/logger.rb:26:in `call'
sprockets-rails (3.2.2) lib/sprockets/rails/quiet_assets.rb:13:in `call'
actionpack (5.2.6) lib/action_dispatch/middleware/remote_ip.rb:81:in `call'
actionpack (5.2.6) lib/action_dispatch/middleware/request_id.rb:27:in `call'
rack (2.2.3) lib/rack/method_override.rb:24:in `call'
rack (2.2.3) lib/rack/runtime.rb:22:in `call'
activesupport (5.2.6) lib/active_support/cache/strategy/local_cache_middleware.rb:29:in `call'
actionpack (5.2.6) lib/action_dispatch/middleware/executor.rb:14:in `call'
actionpack (5.2.6) lib/action_dispatch/middleware/static.rb:127:in `call'
rack (2.2.3) lib/rack/sendfile.rb:110:in `call'
railties (5.2.6) lib/rails/engine.rb:524:in `call'
puma (3.12.6) lib/puma/configuration.rb:227:in `call'
puma (3.12.6) lib/puma/server.rb:706:in `handle_request'
puma (3.12.6) lib/puma/server.rb:476:in `process_client'
puma (3.12.6) lib/puma/server.rb:334:in `block in run'
puma (3.12.6) lib/puma/thread_pool.rb:135:in `block in spawn_thread'
Started POST "/subs/1/posts/new" for ::1 at 2021-10-15 17:31:29 -0600
  
ActionController::RoutingError (No route matches [POST] "/subs/1/posts/new"):
  
actionpack (5.2.6) lib/action_dispatch/middleware/debug_exceptions.rb:65:in `call'
web-console (3.7.0) lib/web_console/middleware.rb:135:in `call_app'
web-console (3.7.0) lib/web_console/middleware.rb:30:in `block in call'
web-console (3.7.0) lib/web_console/middleware.rb:20:in `catch'
web-console (3.7.0) lib/web_console/middleware.rb:20:in `call'
actionpack (5.2.6) lib/action_dispatch/middleware/show_exceptions.rb:33:in `call'
railties (5.2.6) lib/rails/rack/logger.rb:38:in `call_app'
railties (5.2.6) lib/rails/rack/logger.rb:26:in `block in call'
activesupport (5.2.6) lib/active_support/tagged_logging.rb:71:in `block in tagged'
activesupport (5.2.6) lib/active_support/tagged_logging.rb:28:in `tagged'
activesupport (5.2.6) lib/active_support/tagged_logging.rb:71:in `tagged'
railties (5.2.6) lib/rails/rack/logger.rb:26:in `call'
sprockets-rails (3.2.2) lib/sprockets/rails/quiet_assets.rb:13:in `call'
actionpack (5.2.6) lib/action_dispatch/middleware/remote_ip.rb:81:in `call'
actionpack (5.2.6) lib/action_dispatch/middleware/request_id.rb:27:in `call'
rack (2.2.3) lib/rack/method_override.rb:24:in `call'
rack (2.2.3) lib/rack/runtime.rb:22:in `call'
activesupport (5.2.6) lib/active_support/cache/strategy/local_cache_middleware.rb:29:in `call'
actionpack (5.2.6) lib/action_dispatch/middleware/executor.rb:14:in `call'
actionpack (5.2.6) lib/action_dispatch/middleware/static.rb:127:in `call'
rack (2.2.3) lib/rack/sendfile.rb:110:in `call'
railties (5.2.6) lib/rails/engine.rb:524:in `call'
puma (3.12.6) lib/puma/configuration.rb:227:in `call'
puma (3.12.6) lib/puma/server.rb:706:in `handle_request'
puma (3.12.6) lib/puma/server.rb:476:in `process_client'
puma (3.12.6) lib/puma/server.rb:334:in `block in run'
puma (3.12.6) lib/puma/thread_pool.rb:135:in `block in spawn_thread'
Started POST "/subs/1/posts/new" for ::1 at 2021-10-15 17:31:43 -0600
  [1m[35m (0.3ms)[0m  [1m[34mSELECT "schema_migrations"."version" FROM "schema_migrations" ORDER BY "schema_migrations"."version" ASC[0m
  ↳ /home/ry/.rbenv/versions/2.5.1/lib/ruby/gems/2.5.0/gems/activerecord-5.2.6/lib/active_record/log_subscriber.rb:98
  
ActionController::RoutingError (No route matches [POST] "/subs/1/posts/new"):
  
actionpack (5.2.6) lib/action_dispatch/middleware/debug_exceptions.rb:65:in `call'
web-console (3.7.0) lib/web_console/middleware.rb:135:in `call_app'
web-console (3.7.0) lib/web_console/middleware.rb:30:in `block in call'
web-console (3.7.0) lib/web_console/middleware.rb:20:in `catch'
web-console (3.7.0) lib/web_console/middleware.rb:20:in `call'
actionpack (5.2.6) lib/action_dispatch/middleware/show_exceptions.rb:33:in `call'
railties (5.2.6) lib/rails/rack/logger.rb:38:in `call_app'
railties (5.2.6) lib/rails/rack/logger.rb:26:in `block in call'
activesupport (5.2.6) lib/active_support/tagged_logging.rb:71:in `block in tagged'
activesupport (5.2.6) lib/active_support/tagged_logging.rb:28:in `tagged'
activesupport (5.2.6) lib/active_support/tagged_logging.rb:71:in `tagged'
railties (5.2.6) lib/rails/rack/logger.rb:26:in `call'
sprockets-rails (3.2.2) lib/sprockets/rails/quiet_assets.rb:13:in `call'
actionpack (5.2.6) lib/action_dispatch/middleware/remote_ip.rb:81:in `call'
actionpack (5.2.6) lib/action_dispatch/middleware/request_id.rb:27:in `call'
rack (2.2.3) lib/rack/method_override.rb:24:in `call'
rack (2.2.3) lib/rack/runtime.rb:22:in `call'
activesupport (5.2.6) lib/active_support/cache/strategy/local_cache_middleware.rb:29:in `call'
actionpack (5.2.6) lib/action_dispatch/middleware/executor.rb:14:in `call'
actionpack (5.2.6) lib/action_dispatch/middleware/static.rb:127:in `call'
rack (2.2.3) lib/rack/sendfile.rb:110:in `call'
railties (5.2.6) lib/rails/engine.rb:524:in `call'
puma (3.12.6) lib/puma/configuration.rb:227:in `call'
puma (3.12.6) lib/puma/server.rb:706:in `handle_request'
puma (3.12.6) lib/puma/server.rb:476:in `process_client'
puma (3.12.6) lib/puma/server.rb:334:in `block in run'
puma (3.12.6) lib/puma/thread_pool.rb:135:in `block in spawn_thread'
Started POST "/subs/1/posts" for ::1 at 2021-10-15 17:32:30 -0600
Processing by PostsController#create as */*
  Parameters: {"posts"=>{"title"=>"catpic", "url"=>"test.com", "content"=>"teataeta"}, "sub_id"=>"1"}
  [1m[36mUser Load (0.3ms)[0m  [1m[34mSELECT  "users".* FROM "users" WHERE "users"."session_token" IS NULL LIMIT $1[0m  [["LIMIT", 1]]
  ↳ app/controllers/application_controller.rb:5
Completed 500 Internal Server Error in 34ms (ActiveRecord: 6.3ms)


  
NoMethodError (undefined method `id' for nil:NilClass):
  
app/controllers/posts_controller.rb:16:in `create'
Started GET "/" for ::1 at 2021-10-15 17:33:08 -0600
Started GET "/subs" for ::1 at 2021-10-15 17:33:08 -0600
Processing by SubsController#index as HTML
  Rendering subs/index.html.erb within layouts/application
  Rendered subs/index.html.erb within layouts/application (0.4ms)
Completed 200 OK in 158ms (Views: 156.1ms | ActiveRecord: 0.0ms)


Started GET "/session/new" for ::1 at 2021-10-15 17:33:39 -0600
Processing by SessionsController#new as HTML
  Rendering sessions/new.html.erb within layouts/application
  Rendered sessions/new.html.erb within layouts/application (0.4ms)
Completed 200 OK in 19ms (Views: 15.0ms | ActiveRecord: 1.0ms)


Started POST "/session" for ::1 at 2021-10-15 17:33:43 -0600
Processing by SessionsController#create as HTML
  Parameters: {"user"=>{"username"=>"ry", "password"=>"[FILTERED]"}}
  [1m[36mUser Load (0.4ms)[0m  [1m[34mSELECT  "users".* FROM "users" WHERE "users"."username" = $1 LIMIT $2[0m  [["username", "ry"], ["LIMIT", 1]]
  ↳ app/models/user.rb:21
  [1m[35m (0.2ms)[0m  [1m[35mBEGIN[0m
  ↳ app/models/user.rb:37
  [1m[36mUser Exists (0.4ms)[0m  [1m[34mSELECT  1 AS one FROM "users" WHERE "users"."username" = $1 AND "users"."id" != $2 LIMIT $3[0m  [["username", "ry"], ["id", 1], ["LIMIT", 1]]
  ↳ app/models/user.rb:37
  [1m[36mUser Exists (0.3ms)[0m  [1m[34mSELECT  1 AS one FROM "users" WHERE "users"."session_token" = $1 AND "users"."id" != $2 LIMIT $3[0m  [["session_token", "dbHsPJI9Ady5G5Ef8S4H5A"], ["id", 1], ["LIMIT", 1]]
  ↳ app/models/user.rb:37
  [1m[36mUser Update (0.4ms)[0m  [1m[33mUPDATE "users" SET "session_token" = $1, "updated_at" = $2 WHERE "users"."id" = $3[0m  [["session_token", "dbHsPJI9Ady5G5Ef8S4H5A"], ["updated_at", "2021-10-15 23:33:43.994936"], ["id", 1]]
  ↳ app/models/user.rb:37
  [1m[35m (1.8ms)[0m  [1m[35mCOMMIT[0m
  ↳ app/models/user.rb:37
Redirected to http://localhost:3000/users
Completed 302 Found in 193ms (ActiveRecord: 3.4ms)


Started GET "/users" for ::1 at 2021-10-15 17:33:44 -0600
  
AbstractController::ActionNotFound (The action 'index' could not be found for UsersController):
  
actionpack (5.2.6) lib/abstract_controller/base.rb:129:in `process'
actionview (5.2.6) lib/action_view/rendering.rb:32:in `process'
actionpack (5.2.6) lib/action_controller/metal.rb:191:in `dispatch'
actionpack (5.2.6) lib/action_controller/metal.rb:252:in `dispatch'
actionpack (5.2.6) lib/action_dispatch/routing/route_set.rb:52:in `dispatch'
actionpack (5.2.6) lib/action_dispatch/routing/route_set.rb:34:in `serve'
actionpack (5.2.6) lib/action_dispatch/journey/router.rb:52:in `block in serve'
actionpack (5.2.6) lib/action_dispatch/journey/router.rb:35:in `each'
actionpack (5.2.6) lib/action_dispatch/journey/router.rb:35:in `serve'
actionpack (5.2.6) lib/action_dispatch/routing/route_set.rb:840:in `call'
rack (2.2.3) lib/rack/tempfile_reaper.rb:15:in `call'
rack (2.2.3) lib/rack/etag.rb:27:in `call'
rack (2.2.3) lib/rack/conditional_get.rb:27:in `call'
rack (2.2.3) lib/rack/head.rb:12:in `call'
actionpack (5.2.6) lib/action_dispatch/http/content_security_policy.rb:18:in `call'
rack (2.2.3) lib/rack/session/abstract/id.rb:266:in `context'
rack (2.2.3) lib/rack/session/abstract/id.rb:260:in `call'
actionpack (5.2.6) lib/action_dispatch/middleware/cookies.rb:670:in `call'
activerecord (5.2.6) lib/active_record/migration.rb:559:in `call'
actionpack (5.2.6) lib/action_dispatch/middleware/callbacks.rb:28:in `block in call'
activesupport (5.2.6) lib/active_support/callbacks.rb:98:in `run_callbacks'
actionpack (5.2.6) lib/action_dispatch/middleware/callbacks.rb:26:in `call'
actionpack (5.2.6) lib/action_dispatch/middleware/executor.rb:14:in `call'
actionpack (5.2.6) lib/action_dispatch/middleware/debug_exceptions.rb:61:in `call'
web-console (3.7.0) lib/web_console/middleware.rb:135:in `call_app'
web-console (3.7.0) lib/web_console/middleware.rb:30:in `block in call'
web-console (3.7.0) lib/web_console/middleware.rb:20:in `catch'
web-console (3.7.0) lib/web_console/middleware.rb:20:in `call'
actionpack (5.2.6) lib/action_dispatch/middleware/show_exceptions.rb:33:in `call'
railties (5.2.6) lib/rails/rack/logger.rb:38:in `call_app'
railties (5.2.6) lib/rails/rack/logger.rb:26:in `block in call'
activesupport (5.2.6) lib/active_support/tagged_logging.rb:71:in `block in tagged'
activesupport (5.2.6) lib/active_support/tagged_logging.rb:28:in `tagged'
activesupport (5.2.6) lib/active_support/tagged_logging.rb:71:in `tagged'
railties (5.2.6) lib/rails/rack/logger.rb:26:in `call'
sprockets-rails (3.2.2) lib/sprockets/rails/quiet_assets.rb:13:in `call'
actionpack (5.2.6) lib/action_dispatch/middleware/remote_ip.rb:81:in `call'
actionpack (5.2.6) lib/action_dispatch/middleware/request_id.rb:27:in `call'
rack (2.2.3) lib/rack/method_override.rb:24:in `call'
rack (2.2.3) lib/rack/runtime.rb:22:in `call'
activesupport (5.2.6) lib/active_support/cache/strategy/local_cache_middleware.rb:29:in `call'
actionpack (5.2.6) lib/action_dispatch/middleware/executor.rb:14:in `call'
actionpack (5.2.6) lib/action_dispatch/middleware/static.rb:127:in `call'
rack (2.2.3) lib/rack/sendfile.rb:110:in `call'
railties (5.2.6) lib/rails/engine.rb:524:in `call'
puma (3.12.6) lib/puma/configuration.rb:227:in `call'
puma (3.12.6) lib/puma/server.rb:706:in `handle_request'
puma (3.12.6) lib/puma/server.rb:476:in `process_client'
puma (3.12.6) lib/puma/server.rb:334:in `block in run'
puma (3.12.6) lib/puma/thread_pool.rb:135:in `block in spawn_thread'
Started POST "/subs/1/posts" for ::1 at 2021-10-15 17:33:52 -0600
Processing by PostsController#create as */*
  Parameters: {"posts"=>{"title"=>"catpic", "url"=>"test.com", "content"=>"teataeta"}, "sub_id"=>"1"}
  [1m[36mUser Load (0.2ms)[0m  [1m[34mSELECT  "users".* FROM "users" WHERE "users"."session_token" IS NULL LIMIT $1[0m  [["LIMIT", 1]]
  ↳ app/controllers/application_controller.rb:5
Completed 500 Internal Server Error in 2ms (ActiveRecord: 0.2ms)


  
NoMethodError (undefined method `id' for nil:NilClass):
  
app/controllers/posts_controller.rb:16:in `create'
Started POST "/subs" for ::1 at 2021-10-15 17:35:30 -0600
Processing by SubsController#create as */*
  Parameters: {"subs"=>{"title"=>"dogs", "description"=>"goodest doggos only"}}
Completed 404 Not Found in 3ms (ActiveRecord: 2.2ms)


  
ActiveRecord::RecordNotFound (Couldn't find Sub without an ID):
  
app/controllers/application_controller.rb:32:in `require_moderator'
Started POST "/subs" for ::1 at 2021-10-15 17:36:08 -0600
Processing by SubsController#create as */*
  Parameters: {"subs"=>{"title"=>"dogs", "description"=>"goodest doggos only"}}
  [1m[36mUser Load (0.3ms)[0m  [1m[34mSELECT  "users".* FROM "users" WHERE "users"."session_token" IS NULL LIMIT $1[0m  [["LIMIT", 1]]
  ↳ app/controllers/application_controller.rb:5
Completed 500 Internal Server Error in 29ms (ActiveRecord: 4.7ms)


  
NoMethodError (undefined method `id' for nil:NilClass):
  
app/controllers/subs_controller.rb:21:in `create'
Started POST "/subs" for ::1 at 2021-10-15 17:36:16 -0600
  [1m[35m (0.4ms)[0m  [1m[34mSELECT "schema_migrations"."version" FROM "schema_migrations" ORDER BY "schema_migrations"."version" ASC[0m
  ↳ /home/ry/.rbenv/versions/2.5.1/lib/ruby/gems/2.5.0/gems/activerecord-5.2.6/lib/active_record/log_subscriber.rb:98
Processing by SubsController#create as */*
  Parameters: {"subs"=>{"title"=>"dogs", "description"=>"goodest doggos only"}}
  [1m[36mUser Load (0.7ms)[0m  [1m[34mSELECT  "users".* FROM "users" WHERE "users"."session_token" IS NULL LIMIT $1[0m  [["LIMIT", 1]]
  ↳ app/controllers/application_controller.rb:5
Completed 500 Internal Server Error in 27ms (ActiveRecord: 6.1ms)


  
NoMethodError (undefined method `id' for nil:NilClass):
  
app/controllers/subs_controller.rb:21:in `create'
Started POST "/subs" for ::1 at 2021-10-15 17:37:03 -0600
  [1m[35m (0.6ms)[0m  [1m[34mSELECT "schema_migrations"."version" FROM "schema_migrations" ORDER BY "schema_migrations"."version" ASC[0m
  ↳ /home/ry/.rbenv/versions/2.5.1/lib/ruby/gems/2.5.0/gems/activerecord-5.2.6/lib/active_record/log_subscriber.rb:98
Processing by SubsController#create as */*
  Parameters: {"subs"=>{"title"=>"dogs", "description"=>"goodest doggos only"}}
  [1m[36mUser Load (0.3ms)[0m  [1m[34mSELECT  "users".* FROM "users" WHERE "users"."session_token" IS NULL LIMIT $1[0m  [["LIMIT", 1]]
  ↳ app/controllers/application_controller.rb:5
Completed 500 Internal Server Error in 24ms (ActiveRecord: 5.3ms)


  
NoMethodError (undefined method `id' for nil:NilClass):
  
app/controllers/subs_controller.rb:21:in `create'
  [1m[36mUser Load (0.4ms)[0m  [1m[34mSELECT  "users".* FROM "users" ORDER BY "users"."id" ASC LIMIT $1[0m  [["LIMIT", 1]]
  [1m[36mUser Load (0.4ms)[0m  [1m[34mSELECT  "users".* FROM "users" ORDER BY "users"."id" ASC LIMIT $1[0m  [["LIMIT", 1]]
  [1m[36mUser Load (0.3ms)[0m  [1m[34mSELECT  "users".* FROM "users" ORDER BY "users"."id" ASC LIMIT $1[0m  [["LIMIT", 1]]
Started POST "/subs" for ::1 at 2021-10-15 17:40:54 -0600
  [1m[35m (1.2ms)[0m  [1m[34mSELECT "schema_migrations"."version" FROM "schema_migrations" ORDER BY "schema_migrations"."version" ASC[0m
  ↳ /home/ry/.rbenv/versions/2.5.1/lib/ruby/gems/2.5.0/gems/activerecord-5.2.6/lib/active_record/log_subscriber.rb:98
Processing by SubsController#create as */*
  Parameters: {"subs"=>{"title"=>"dogs", "description"=>"goodest doggos only"}}
  [1m[36mUser Load (0.3ms)[0m  [1m[34mSELECT  "users".* FROM "users" WHERE "users"."session_token" IS NULL LIMIT $1[0m  [["LIMIT", 1]]
  ↳ app/controllers/application_controller.rb:5
Completed 500 Internal Server Error in 24ms (ActiveRecord: 3.8ms)


  
NoMethodError (undefined method `id' for nil:NilClass):
  
app/controllers/subs_controller.rb:21:in `create'
Started GET "/session/new" for ::1 at 2021-10-15 17:41:49 -0600
Processing by SessionsController#new as HTML
  Rendering sessions/new.html.erb within layouts/application
  Rendered sessions/new.html.erb within layouts/application (0.4ms)
Completed 200 OK in 118ms (Views: 112.1ms | ActiveRecord: 1.1ms)


Started POST "/session" for ::1 at 2021-10-15 17:41:55 -0600
Processing by SessionsController#create as HTML
  Parameters: {"user"=>{"username"=>"ry", "password"=>"[FILTERED]"}}
  [1m[36mUser Load (0.2ms)[0m  [1m[34mSELECT  "users".* FROM "users" WHERE "users"."username" = $1 LIMIT $2[0m  [["username", "ry"], ["LIMIT", 1]]
  ↳ app/models/user.rb:21
  [1m[35m (0.2ms)[0m  [1m[35mBEGIN[0m
  ↳ app/models/user.rb:37
  [1m[36mUser Exists (0.4ms)[0m  [1m[34mSELECT  1 AS one FROM "users" WHERE "users"."username" = $1 AND "users"."id" != $2 LIMIT $3[0m  [["username", "ry"], ["id", 1], ["LIMIT", 1]]
  ↳ app/models/user.rb:37
  [1m[36mUser Exists (0.2ms)[0m  [1m[34mSELECT  1 AS one FROM "users" WHERE "users"."session_token" = $1 AND "users"."id" != $2 LIMIT $3[0m  [["session_token", "1bTQEqVKhQpdxHHUsK_XCg"], ["id", 1], ["LIMIT", 1]]
  ↳ app/models/user.rb:37
  [1m[36mUser Update (0.6ms)[0m  [1m[33mUPDATE "users" SET "session_token" = $1, "updated_at" = $2 WHERE "users"."id" = $3[0m  [["session_token", "1bTQEqVKhQpdxHHUsK_XCg"], ["updated_at", "2021-10-15 23:41:55.427198"], ["id", 1]]
  ↳ app/models/user.rb:37
  [1m[35m (7.1ms)[0m  [1m[35mCOMMIT[0m
  ↳ app/models/user.rb:37
Redirected to http://localhost:3000/users
Completed 302 Found in 202ms (ActiveRecord: 8.7ms)


Started GET "/users" for ::1 at 2021-10-15 17:41:55 -0600
  
AbstractController::ActionNotFound (The action 'index' could not be found for UsersController):
  
actionpack (5.2.6) lib/abstract_controller/base.rb:129:in `process'
actionview (5.2.6) lib/action_view/rendering.rb:32:in `process'
actionpack (5.2.6) lib/action_controller/metal.rb:191:in `dispatch'
actionpack (5.2.6) lib/action_controller/metal.rb:252:in `dispatch'
actionpack (5.2.6) lib/action_dispatch/routing/route_set.rb:52:in `dispatch'
actionpack (5.2.6) lib/action_dispatch/routing/route_set.rb:34:in `serve'
actionpack (5.2.6) lib/action_dispatch/journey/router.rb:52:in `block in serve'
actionpack (5.2.6) lib/action_dispatch/journey/router.rb:35:in `each'
actionpack (5.2.6) lib/action_dispatch/journey/router.rb:35:in `serve'
actionpack (5.2.6) lib/action_dispatch/routing/route_set.rb:840:in `call'
rack (2.2.3) lib/rack/tempfile_reaper.rb:15:in `call'
rack (2.2.3) lib/rack/etag.rb:27:in `call'
rack (2.2.3) lib/rack/conditional_get.rb:27:in `call'
rack (2.2.3) lib/rack/head.rb:12:in `call'
actionpack (5.2.6) lib/action_dispatch/http/content_security_policy.rb:18:in `call'
rack (2.2.3) lib/rack/session/abstract/id.rb:266:in `context'
rack (2.2.3) lib/rack/session/abstract/id.rb:260:in `call'
actionpack (5.2.6) lib/action_dispatch/middleware/cookies.rb:670:in `call'
activerecord (5.2.6) lib/active_record/migration.rb:559:in `call'
actionpack (5.2.6) lib/action_dispatch/middleware/callbacks.rb:28:in `block in call'
activesupport (5.2.6) lib/active_support/callbacks.rb:98:in `run_callbacks'
actionpack (5.2.6) lib/action_dispatch/middleware/callbacks.rb:26:in `call'
actionpack (5.2.6) lib/action_dispatch/middleware/executor.rb:14:in `call'
actionpack (5.2.6) lib/action_dispatch/middleware/debug_exceptions.rb:61:in `call'
web-console (3.7.0) lib/web_console/middleware.rb:135:in `call_app'
web-console (3.7.0) lib/web_console/middleware.rb:30:in `block in call'
web-console (3.7.0) lib/web_console/middleware.rb:20:in `catch'
web-console (3.7.0) lib/web_console/middleware.rb:20:in `call'
actionpack (5.2.6) lib/action_dispatch/middleware/show_exceptions.rb:33:in `call'
railties (5.2.6) lib/rails/rack/logger.rb:38:in `call_app'
railties (5.2.6) lib/rails/rack/logger.rb:26:in `block in call'
activesupport (5.2.6) lib/active_support/tagged_logging.rb:71:in `block in tagged'
activesupport (5.2.6) lib/active_support/tagged_logging.rb:28:in `tagged'
activesupport (5.2.6) lib/active_support/tagged_logging.rb:71:in `tagged'
railties (5.2.6) lib/rails/rack/logger.rb:26:in `call'
sprockets-rails (3.2.2) lib/sprockets/rails/quiet_assets.rb:13:in `call'
actionpack (5.2.6) lib/action_dispatch/middleware/remote_ip.rb:81:in `call'
actionpack (5.2.6) lib/action_dispatch/middleware/request_id.rb:27:in `call'
rack (2.2.3) lib/rack/method_override.rb:24:in `call'
rack (2.2.3) lib/rack/runtime.rb:22:in `call'
activesupport (5.2.6) lib/active_support/cache/strategy/local_cache_middleware.rb:29:in `call'
actionpack (5.2.6) lib/action_dispatch/middleware/executor.rb:14:in `call'
actionpack (5.2.6) lib/action_dispatch/middleware/static.rb:127:in `call'
rack (2.2.3) lib/rack/sendfile.rb:110:in `call'
railties (5.2.6) lib/rails/engine.rb:524:in `call'
puma (3.12.6) lib/puma/configuration.rb:227:in `call'
puma (3.12.6) lib/puma/server.rb:706:in `handle_request'
puma (3.12.6) lib/puma/server.rb:476:in `process_client'
puma (3.12.6) lib/puma/server.rb:334:in `block in run'
puma (3.12.6) lib/puma/thread_pool.rb:135:in `block in spawn_thread'
Started POST "/session" for ::1 at 2021-10-15 17:42:23 -0600
Processing by SessionsController#create as HTML
  Parameters: {"user"=>{"username"=>"ry", "password"=>"[FILTERED]"}}
  [1m[36mUser Load (0.3ms)[0m  [1m[34mSELECT  "users".* FROM "users" WHERE "users"."username" = $1 LIMIT $2[0m  [["username", "ry"], ["LIMIT", 1]]
  ↳ app/models/user.rb:21
  [1m[35m (0.2ms)[0m  [1m[35mBEGIN[0m
  ↳ app/models/user.rb:37
  [1m[36mUser Exists (0.3ms)[0m  [1m[34mSELECT  1 AS one FROM "users" WHERE "users"."username" = $1 AND "users"."id" != $2 LIMIT $3[0m  [["username", "ry"], ["id", 1], ["LIMIT", 1]]
  ↳ app/models/user.rb:37
  [1m[36mUser Exists (0.2ms)[0m  [1m[34mSELECT  1 AS one FROM "users" WHERE "users"."session_token" = $1 AND "users"."id" != $2 LIMIT $3[0m  [["session_token", "D9_aG_sUDX6od_FsE7w9ag"], ["id", 1], ["LIMIT", 1]]
  ↳ app/models/user.rb:37
  [1m[36mUser Update (0.3ms)[0m  [1m[33mUPDATE "users" SET "session_token" = $1, "updated_at" = $2 WHERE "users"."id" = $3[0m  [["session_token", "D9_aG_sUDX6od_FsE7w9ag"], ["updated_at", "2021-10-15 23:42:24.068671"], ["id", 1]]
  ↳ app/models/user.rb:37
  [1m[35m (1.8ms)[0m  [1m[35mCOMMIT[0m
  ↳ app/models/user.rb:37
Redirected to http://localhost:3000/subs
Completed 302 Found in 201ms (ActiveRecord: 5.3ms)


Started GET "/subs" for ::1 at 2021-10-15 17:42:24 -0600
Processing by SubsController#index as HTML
  Rendering subs/index.html.erb within layouts/application
  Rendered subs/index.html.erb within layouts/application (0.3ms)
Completed 200 OK in 16ms (Views: 14.0ms | ActiveRecord: 0.0ms)


Started POST "/subs" for ::1 at 2021-10-15 17:42:37 -0600
Processing by SubsController#create as */*
  Parameters: {"subs"=>{"title"=>"dogs", "description"=>"goodest doggos only"}}
  [1m[36mUser Load (0.2ms)[0m  [1m[34mSELECT  "users".* FROM "users" WHERE "users"."session_token" IS NULL LIMIT $1[0m  [["LIMIT", 1]]
  ↳ app/controllers/application_controller.rb:5
Completed 500 Internal Server Error in 8ms (ActiveRecord: 2.2ms)


  
NoMethodError (undefined method `id' for nil:NilClass):
  
app/controllers/subs_controller.rb:21:in `create'
  [1m[36mUser Load (0.4ms)[0m  [1m[34mSELECT  "users".* FROM "users" ORDER BY "users"."id" ASC LIMIT $1[0m  [["LIMIT", 1]]
Started POST "/subs" for ::1 at 2021-10-15 17:44:31 -0600
Processing by SubsController#create as */*
  Parameters: {"subs"=>{"title"=>"dogs", "description"=>"goodest doggos only"}, "session"=>{"session_token"=>"D9_aG_sUDX6od_FsE7w9ag"}}
  [1m[36mUser Load (0.4ms)[0m  [1m[34mSELECT  "users".* FROM "users" WHERE "users"."session_token" IS NULL LIMIT $1[0m  [["LIMIT", 1]]
  ↳ app/controllers/application_controller.rb:5
Completed 500 Internal Server Error in 4ms (ActiveRecord: 0.4ms)


  
NoMethodError (undefined method `id' for nil:NilClass):
  
app/controllers/subs_controller.rb:21:in `create'
  [1m[36mUser Load (0.4ms)[0m  [1m[34mSELECT  "users".* FROM "users" ORDER BY "users"."id" ASC LIMIT $1[0m  [["LIMIT", 1]]
  [1m[36mUser Load (0.4ms)[0m  [1m[34mSELECT  "users".* FROM "users" ORDER BY "users"."id" ASC LIMIT $1[0m  [["LIMIT", 1]]
Started POST "/subs" for ::1 at 2021-10-15 17:45:33 -0600
Processing by SubsController#create as */*
  Parameters: {"subs"=>{"title"=>"dogs", "description"=>"goodest doggos only"}, "session"=>{"session_token"=>"D9_aG_sUDX6od_FsE7w9ag"}}
  [1m[36mUser Load (0.2ms)[0m  [1m[34mSELECT  "users".* FROM "users" WHERE "users"."session_token" IS NULL LIMIT $1[0m  [["LIMIT", 1]]
  ↳ app/controllers/application_controller.rb:5
Completed 500 Internal Server Error in 2ms (ActiveRecord: 0.2ms)


  
NoMethodError (undefined method `id' for nil:NilClass):
  
app/controllers/subs_controller.rb:21:in `create'
Started POST "/subs" for ::1 at 2021-10-15 17:45:44 -0600
  [1m[35m (0.4ms)[0m  [1m[34mSELECT "schema_migrations"."version" FROM "schema_migrations" ORDER BY "schema_migrations"."version" ASC[0m
  ↳ /home/ry/.rbenv/versions/2.5.1/lib/ruby/gems/2.5.0/gems/activerecord-5.2.6/lib/active_record/log_subscriber.rb:98
Processing by SubsController#create as */*
  Parameters: {"subs"=>{"title"=>"dogs", "description"=>"goodest doggos only"}, "session"=>{"session_token"=>"D9_aG_sUDX6od_FsE7w9ag"}}
  [1m[36mUser Load (0.3ms)[0m  [1m[34mSELECT  "users".* FROM "users" WHERE "users"."session_token" IS NULL LIMIT $1[0m  [["LIMIT", 1]]
  ↳ app/controllers/application_controller.rb:5
Completed 500 Internal Server Error in 22ms (ActiveRecord: 3.8ms)


  
NoMethodError (undefined method `id' for nil:NilClass):
  
app/controllers/subs_controller.rb:21:in `create'
Started POST "/subs" for ::1 at 2021-10-15 17:46:49 -0600
Processing by SubsController#create as */*
  Parameters: {"subs"=>{"title"=>"dogs", "description"=>"goodest doggos only"}, "session"=>{"session_token"=>"D9_aG_sUDX6od_FsE7w9ag"}}
  [1m[36mUser Load (0.5ms)[0m  [1m[34mSELECT  "users".* FROM "users" WHERE "users"."session_token" IS NULL LIMIT $1[0m  [["LIMIT", 1]]
  ↳ app/controllers/application_controller.rb:5
Completed 500 Internal Server Error in 22ms (ActiveRecord: 4.6ms)


  
NoMethodError (undefined method `id' for nil:NilClass):
  
app/controllers/subs_controller.rb:21:in `create'
Started POST "/subs" for ::1 at 2021-10-15 17:46:59 -0600
Processing by SubsController#create as */*
  Parameters: {"subs"=>{"title"=>"dogs", "description"=>"goodest doggos only"}}
  [1m[36mUser Load (0.3ms)[0m  [1m[34mSELECT  "users".* FROM "users" WHERE "users"."session_token" IS NULL LIMIT $1[0m  [["LIMIT", 1]]
  ↳ app/controllers/application_controller.rb:5
Completed 500 Internal Server Error in 2ms (ActiveRecord: 0.3ms)


  
NoMethodError (undefined method `id' for nil:NilClass):
  
app/controllers/subs_controller.rb:21:in `create'
